[    0.000000] Linux version 4.15.0-88-generic (buildd@lgw01-amd64-036) (gcc version 7.4.0 (Ubuntu 7.4.0-1ubuntu1~18.04.1)) #88-Ubuntu SMP Tue Feb 11 20:11:34 UTC 2020 (Ubuntu 4.15.0-88.88-generic 4.15.18)
[    0.000000] Command line: BOOT_IMAGE=/boot/vmlinuz-4.15.0-88-generic root=LABEL=cloudimg-rootfs ro console=tty1 console=ttyS0
[    0.000000] KERNEL supported cpus:
[    0.000000]   Intel GenuineIntel
[    0.000000]   AMD AuthenticAMD
[    0.000000]   Centaur CentaurHauls
[    0.000000] x86/fpu: Supporting XSAVE feature 0x001: 'x87 floating point registers'
[    0.000000] x86/fpu: Supporting XSAVE feature 0x002: 'SSE registers'
[    0.000000] x86/fpu: Supporting XSAVE feature 0x004: 'AVX registers'
[    0.000000] x86/fpu: xstate_offset[2]:  576, xstate_sizes[2]:  256
[    0.000000] x86/fpu: Enabled xstate features 0x7, context size is 832 bytes, using 'standard' format.
[    0.000000] e820: BIOS-provided physical RAM map:
[    0.000000] BIOS-e820: [mem 0x0000000000000000-0x000000000009fbff] usable
[    0.000000] BIOS-e820: [mem 0x000000000009fc00-0x000000000009ffff] reserved
[    0.000000] BIOS-e820: [mem 0x00000000000f0000-0x00000000000fffff] reserved
[    0.000000] BIOS-8820: [mem 0x0000000000100000-0x000000001ffeffff] usable
[    0.000000] BIOS-e820: [mem 0x000000001fff0000-0x000000001fffffff] ACPI data
[    0.000000] BIOS-e820: [mem 0x00000000fec00000-0x00000000fec00fff] reserved
[    0.000000] BIOS-e820: [mem 0x00000000fee00000-0x00000000fee00fff] reserved
[    0.000000] BIOS-e820: [mem 0x00000000fffc0000-0x00000000ffffffff] reserved
[    0.000000] NX (Execute Disable) protection: active
[    0.000000] SMBIOS 2.5 present.
[    0.000000] DMI: innotek GmbH VirtualBox/VirtualBox, BIOS VirtualBox 12/01/2006
[    0.000000] Hypervisor detected: KVM
[    0.000000] e820: last_pfn = 0x1fff0 max_arch_pfn = 0x400000000
[    0.000000] MTRR: Disabled
[    0.000000] x86/PAT: MTRRs disabled, skipping PAT initialization too.
[    0.000000] CPU MTRRs all blank - virtualized system.
[    0.000000] x86/PAT: Configuration [0-7]: WB  WT  UC- UC  WB  WT  UC- UC  
[    0.000000] found SMP MP-table at [mem 0x0009fff0-0x0009ffff]
[    0.000000] Scanning 1 areas for low memory corruption
[    0.000000] RAMDISK: [mem 0x1db94000-0x1ee54fff]
[    0.000000] ACPI: Early table checksum verification disabled
[    0.000000] ACPI: RSDP 0x00000000000E0000 000024 (v02 VBOX  )
[    0.000000] ACPI: XSDT 0x000000001FFF0030 00003C (v01 VBOX   VBOXXSDT 00000001 ASL  00000061)
[    0.000000] ACPI: FACP 0x000000001FFF00F0 0000F4 (v04 VBOX   VBOXFACP 00000001 ASL  00000061)
[    0.000000] ACPI: DSDT 0x000000001FFF0470 0021FF (v02 VBOX   VBOXBIOS 00000002 INTL 20160108)
[    0.000000] ACPI: FACS 0x000000001FFF0200 000040
[    0.000000] ACPI: FACS 0x000000001FFF0200 000040
[    0.000000] ACPI: APIC 0x000000001FFF0240 000054 (v02 VBOX   VBOXAPIC 00000001 ASL  00000061)
[    0.000000] ACPI: SSDT 0x000000001FFF02A0 0001CC (v01 VBOX   VBOXCPUT 00000002 INTL 20160108)
[    0.000000] No NUMA configuration found
[    0.000000] Faking a node at [mem 0x0000000000000000-0x000000001ffeffff]
[    0.000000] NODE_DATA(0) allocated [mem 0x1ffc5000-0x1ffeffff]
[    0.000000] kvm-clock: cpu 0, msr 0:1ff44001, primary cpu clock
[    0.000000] kvm-clock: Using msrs 4b564d01 and 4b564d00
[    0.000000] kvm-clock: using sched offset of 3648197949 cycles
[    0.000000] clocksource: kvm-clock: mask: 0xffffffffffffffff max_cycles: 0x1cd42e4dffb, max_idle_ns: 881590591483 ns
[    0.000000] Zone ranges:
[    0.000000]   DMA      [mem 0x0000000000001000-0x0000000000ffffff]
[    0.000000]   DMA32    [mem 0x0000000001000000-0x000000001ffeffff]
[    0.000000]   Normal   empt
[    0.000000]   Device   empty
[    0.000000] Movable zone start for each node
[    0.000000] Early memory node ranges
[    0.000000]   node   0: [mem 0x0000000000001000-0x000000000009efff]
[    0.000000]   node   0: [mem 0x0000000000100000-0x000000001ffeffff]
[    0.000000] Reserved but unavailable: 98 pages
[    0.000000] Initmem setup node 0 [mem 0x0000000000001000-0x000000001ffeffff]
[    0.000000] ACPI: PM-Timer IO Port: 0x4008
[    0.000000] IOAPIC[0]: apic_id 1, version 32, address 0xfec00000, GSI 0-23
[    0.000000] ACPI: INT_SRC_OVR (bus 0 bus_irq 0 global_irq 2 dfl dfl)
[    0.000000] ACPI: INT_SRC_OVR (bus 0 bus_irq 9 global_irq 9 high level)
[    0.000000] Using ACPI (MADT) for SMP configuration information
[    0.000000] smpboot: Allowing 1 CPUs, 0 hotplug CPUs
[    0.000000] PM: Registered nosave memory: [mem 0x00000000-0x00000fff]
[    0.000000] PM: Registered nosave memory: [mem 0x0009f000-0x0009ffff]
[    0.000000] PM: Registered nosave memory: [mem 0x000a0000-0x000effff]
[    0.000000] PM: Registered nosave memory: [mem 0x000f0000-0x000fffff]
[    0.000000] e820: [mem 0x20000000-0xfebfffff] available for PCI devices
[    0.000000] Booting paravirtualized kernel on KVM
[    0.000000] clocksource: refined-jiffies: mask: 0xffffffff max_cycles: 0xffffffff, max_idle_ns: 7645519600211568 ns
[    0.000000] random: get_random_bytes called from start_kernel+0x99/0x4fd with crng_init=0
[    0.000000] setup_percpu: NR_CPUS:8192 nr_cpumask_bits:1 nr_cpu_ids:1 nr_node_ids:1
[    0.000000] percpu: Embedded 45 pages/cpu s147456 r8192 d28672 u2097152
[    0.000000] PV qspinlock hash table entries: 256 (order: 0, 4096 bytes)
[    0.000000] Built 1 zonelists, mobility grouping on.  Total pages: 128889
[    0.000000] Policy zone: DMA32
[    0.000000] Kernel command line: BOOT_IMAGE=/boot/vmlinuz-4.15.0-88-generic root=LABEL=cloudimg-rootfs ro console=tty1 console=ttyS0
[    0.000000] Memory: 467152K/523832K available (12300K kernel code, 2481K rwdata, 4264K rodata, 2428K init, 2712K bss, 56680K reserved, 0K cma-reserved)
[    0.000000] SLUB: HWalign=64, Order=0-3, MinObjects=0, CPUs=1, Nodes=1
[    0.000000] Kernel/User page tables isolation: enabled
[    0.000000] ftrace: allocating 39344 entries in 154 pages
[    0.004000] Hierarchical RCU implementation.
[    0.004000] 	RCU restricting CPUs from NR_CPUS=8192 to nr_cpu_ids=1.
[    0.004000] 	Tasks RCU enabled.
[    0.004000] RCU: Adjusting geometry for rcu_fanout_leaf=16, nr_cpu_ids=1
[    0.004000] NR_IRQS: 524544, nr_irqs: 256, preallocated irqs: 16
[    0.004000] Console: colour VGA+ 80x25
[    0.004000] console [tty1] enabled
[    0.004000] console [ttyS0] enabled
[    0.004000] ACPI: Core revision 20170831
[    0.004000] ACPI: 2 ACPI AML tables successfully acquired and loaded
[    0.004000] APIC: Switch to symmetric I/O mode setup
[    0.004000] x2apic enabled
[    0.004000] Switched APIC routing to physical x2apic.
[    0.005257] ..TIMER: vector=0x30 apic1=0 pin1=2 apic2=-1 pin2=-1
[    0.008007] tsc: Detected 2296.166 MHz processor
[    0.012016] Calibrating delay loop (skipped) preset value.. 4592.33 BogoMIPS (lpj=9184664)
[    0.016040] pid_max: default: 32768 minimum: 301
[    0.017053] Security Framework initialized
[    0.020003] Yama: becoming mindful.
[    0.020700] AppArmor: AppArmor initialized
[    0.024105] Dentry cache hash table entries: 65536 (order: 7, 524288 bytes)
[    0.028055] Inode-cache hash table entries: 32768 (order: 6, 262144 bytes)
[    0.032032] Mount-cache hash table entries: 1024 (order: 1, 8192 bytes)
[    0.036017] Mountpoint-cache hash table entries: 1024 (order: 1, 8192 bytes)
[    0.037696] process: using mwait in idle threads
[    0.040008] Last level iTLB entries: 4KB 1024, 2MB 1024, 4MB 1024
[    0.041145] Last level dTLB entries: 4KB 1024, 2MB 1024, 4MB 1024, 1GB 4
[    0.042390] Spectre V1 : Mitigation: usercopy/swapgs barriers and __user pointer sanitization
[    0.044008] Spectre V2 : Mitigation: Full generic retpoline
[    0.048004] Spectre V2 : Spectre v2 / SpectreRSB mitigation: Filling RSB on context switch
[    0.052005] Speculative Store Bypass: Vulnerable
[    0.056072] MDS: Vulnerable: Clear CPU buffers attempted, no microcode
[    0.079838] Freeing SMP alternatives memory: 36K
[    0.192326] smpboot: CPU0: Intel(R) Core(TM) i5-4200U CPU @ 1.60GHz (family: 0x6, model: 0x45, stepping: 0x1)
[    0.196109] Performance Events: unsupported p6 CPU model 69 no PMU driver, software events only.
[    0.200069] Hierarchical SRCU implementation.
[    0.204656] NMI watchdog: Perf event create on CPU 0 failed with -2
[    0.208003] NMI watchdog: Perf NMI watchdog permanently disabled
[    0.209149] smp: Bringing up secondary CPUs ...
[    0.212003] smp: Brought up 1 node, 1 CPU
[    0.212815] smpboot: Max logical packages: 1
[    0.213748] smpboot: Total of 1 processors activated (4592.33 BogoMIPS)
[    0.215091] devtmpfs: initialized
[    0.216072] x86/mm: Memory block size: 128MB
[    0.220124] evm: security.selinux
[    0.224007] evm: security.SMACK64
[    0.228003] evm: security.SMACK64EXEC
[    0.228723] evm: security.SMACK64TRANSMUTE
[    0.229541] evm: security.SMACK64MMAP
[    0.230269] evm: security.apparmor
[    0.231007] evm: security.ima
[    0.231604] evm: security.capability
[    0.232132] clocksource: jiffies: mask: 0xffffffff max_cycles: 0xffffffff, max_idle_ns: 7645041785100000 ns
[    0.236014] futex hash table entries: 256 (order: 2, 16384 bytes)
[    0.240056] pinctrl core: initialized pinctrl subsystem
[    0.241171] RTC time: 13:33:47, date: 08/19/20
[    0.242177] NET: Registered protocol family 16
[    0.243186] audit: initializing netlink subsys (disabled)
[    0.244220] cpuidle: using governor ladder
[    0.244946] cpuidle: using governor menu
[    0.245675] ACPI: bus type PCI registered
[    0.248009] acpiphp: ACPI Hot Plug PCI Controller Driver version: 0.5
[    0.252010] audit: type=2000 audit(1597844028.997:1): state=initialized audit_enabled=0 res=1
[    0.256126] PCI: Using configuration type 1 for base access
[    0.261156] HugeTLB registered 2.00 MiB page size, pre-allocated 0 pages
[    0.264286] ACPI: Added _OSI(Module Device)
[    0.265033] ACPI: Added _OSI(Processor Device)
[    0.268015] ACPI: Added _OSI(3.0 _SCP Extensions)
[    0.272004] ACPI: Added _OSI(Processor Aggregator Device)
[    0.273138] ACPI: Added _OSI(Linux-Dell-Video)
[    0.274029] ACPI: Added _OSI(Linux-Lenovo-NV-HDMI-Audio)
[    0.276020] ACPI: Added _OSI(Linux-HPI-Hybrid-Graphics)
[    0.277392] ACPI: Executed 1 blocks of module-level executable AML code
[    0.286495] ACPI: Interpreter enabled
[    0.288017] ACPI: (supports S0 S5)
[    0.292003] ACPI: Using IOAPIC for interrupt routing
[    0.293282] PCI: Using host bridge windows from ACPI; if necessary, use "pci=nocrs" and report a bug
[    0.296162] ACPI: Enabled 2 GPEs in block 00 to 07
[    0.306239] ACPI: PCI Root Bridge [PCI0] (domain 0000 [bus 00-ff])
[    0.308020] acpi PNP0A03:00: _OSC: OS supports [ASPM ClockPM Segments MSI]
[    0.312053] acpi PNP0A03:00: _OSC: not requesting OS control; OS requires [ExtendedConfig ASPM ClockPM MSI]
[    0.313928] acpi PNP0A03:00: fail to add MMCONFIG information, can't access extended PCI configuration space under this bridge.
[    0.316386] PCI host bridge to bus 0000:00
[    0.320009] pci_bus 0000:00: root bus resource [io  0x0000-0x0cf7 window]
[    0.321304] pci_bus 0000:00: root bus resource [io  0x0d00-0xffff window]
[    0.322579] pci_bus 0000:00: root bus resource [mem 0x000a0000-0x000bffff window]
[    0.324003] pci_bus 0000:00: root bus resource [mem 0x20000000-0xffdfffff window]
[    0.325455] pci_bus 0000:00: root bus resource [bus 00-ff]
[    0.329638] pci 0000:00:01.1: legacy IDE quirk: reg 0x10: [io  0x01f0-0x01f7]
[    0.332004] pci 0000:00:01.1: legacy IDE quirk: reg 0x14: [io  0x03f6]
[    0.336002] pci 0000:00:01.1: legacy IDE quirk: reg 0x18: [io  0x0170-0x0177]
[    0.337406] pci 0000:00:01.1: legacy IDE quirk: reg 0x1c: [io  0x0376]
[    0.355472] pci 0000:00:07.0: quirk: [io  0x4000-0x403f] claimed by PIIX4 ACPI
[    0.360005] pci 0000:00:07.0: quirk: [io  0x4100-0x410f] claimed by PIIX4 SMB
[    0.370516] ACPI: PCI Interrupt Link [LNKA] (IRQs 5 9 10 *11)
[    0.372505] ACPI: PCI Interrupt Link [LNKB] (IRQs 5 9 10 *11)
[    0.376253] ACPI: PCI Interrupt Link [LNKC] (IRQs 5 9 *10 11)
[    0.380184] ACPI: PCI Interrupt Link [LNKD] (IRQs 5 *9 10 11)
[    0.388665] SCSI subsystem initialized
[    0.392202] pci 0000:00:02.0: vgaarb: setting as boot VGA device
[    0.393205] pci 0000:00:02.0: vgaarb: VGA device added: decodes=io+mem,owns=io+mem,locks=none
[    0.396006] pci 0000:00:02.0: vgaarb: bridge control possible
[    0.400008] vgaarb: loaded
[    0.400644] ACPI: bus type USB registered
[    0.401457] usbcore: registered new interface driver usbfs
[    0.402516] usbcore: registered new interface driver hub
[    0.404045] usbcore: registered new device driver usb
[    0.408122] EDAC MC: Ver: 3.0.0
[    0.416282] PCI: Using ACPI for IRQ routing
[    0.424273] NetLabel: Initializing
[    0.428009] NetLabel:  domain hash size = 128
[    0.432003] NetLabel:  protocols = UNLABELED CIPSOv4 CALIPSO
[    0.436039] NetLabel:  unlabeled traffic allowed by default
[    0.440185] clocksource: Switched to clocksource kvm-clock
[    0.674868] VFS: Disk quotas dquot_6.6.0
[    0.872285] VFS: Dquot-cache hash table entries: 512 (order 0, 4096 bytes)
[    1.122448] AppArmor: AppArmor Filesystem Enabled
[    1.123297] pnp: PnP ACPI init
[    1.125007] pnp: PnP ACPI: found 3 devices
[    1.131321] clocksource: acpi_pm: mask: 0xffffff max_cycles: 0xffffff, max_idle_ns: 2085701024 ns
[    1.153682] NET: Registered protocol family 2
[    1.212546] TCP established hash table entries: 4096 (order: 3, 32768 bytes)
[    1.382334] TCP bind hash table entries: 4096 (order: 4, 65536 bytes)
[    1.383384] TCP: Hash tables configured (established 4096 bind 4096)
[    1.384466] UDP hash table entries: 256 (order: 1, 8192 bytes)
[    1.422503] UDP-Lite hash table entries: 256 (order: 1, 8192 bytes)
[    1.511964] NET: Registered protocol family 1
[    1.621996] pci 0000:00:00.0: Limiting direct PCI/PCI transfers
[    1.791979] pci 0000:00:01.0: Activating ISA DMA hang workarounds
[    1.862105] pci 0000:00:02.0: Video device with shadowed ROM at [mem 0x000c0000-0x000dffff]
[    1.882789] Unpacking initramfs...
[    2.185092] Freeing initrd memory: 19204K
[    2.211969] clocksource: tsc: mask: 0xffffffffffffffff max_cycles: 0x21190f303e0, max_idle_ns: 440795253422 ns
[    2.213922] platform rtc_cmos: registered platform RTC device (no PNP device found)
[    2.291959] Scanning for low memory corruption every 60 seconds
[    2.332099] Initialise system trusted keyrings
[    2.361369] Key type blacklist registered
[    2.362237] workingset: timestamp_bits=36 max_order=17 bucket_order=0
[    2.402937] zbud: loaded
[    2.406244] squashfs: version 4.0 (2009/01/31) Phillip Lougher
[    2.421620] fuse init (API version 7.26)
[    2.532266] Key type asymmetric registered
[    2.541705] Asymmetric key parser 'x509' registered
[    2.547410] Block layer SCSI generic (bsg) driver version 0.4 loaded (major 246)
[    2.548900] io scheduler noop registered
[    2.549675] io scheduler deadline registered
[    2.571263] io scheduler cfq registered (default)
[    2.572483] ACPI: AC Adapter [AC] (on-line)
[    2.580634] input: Power Button as /devices/LNXSYSTM:00/LNXPWRBN:00/input/input0
[    2.589006] ACPI: Power Button [PWRF]
[    2.589799] input: Sleep Button as /devices/LNXSYSTM:00/LNXSLPBN:00/input/input1
[    2.591314] ACPI: Sleep Button [SLPF]
[    2.592953] ACPI: Battery Slot [BAT0] (battery present)
[    2.661336] Serial: 8250/16550 driver, 32 ports, IRQ sharing enabled
[    2.723360] 00:02: ttyS0 at I/O 0x3f8 (irq = 4, base_baud = 115200) is a 16550A
[    2.744389] Linux agpgart interface v0.103
[    2.752707] loop: module loaded
[    2.760607] scsi host0: ata_piix
[    2.768578] scsi host1: ata_piix
[    2.769268] ata1: PATA max UDMA/33 cmd 0x1f0 ctl 0x3f6 bmdma 0xd000 irq 14
[    2.770616] ata2: PATA max UDMA/33 cmd 0x170 ctl 0x376 bmdma 0xd008 irq 15
[    2.772526] libphy: Fixed MDIO Bus: probed
[    2.773338] tun: Universal TUN/TAP device driver, 1.6
[    2.774347] PPP generic driver version 2.4.2
[    2.775249] ehci_hcd: USB 2.0 'Enhanced' Host Controller (EHCI) Driver
[    2.821014] ehci-pci: EHCI PCI platform driver
[    2.891368] ehci-platform: EHCI generic platform driver
[    2.901464] ohci_hcd: USB 1.1 'Open' Host Controller (OHCI) Driver
[    3.220908] ohci-pci: OHCI PCI platform driver
[    3.331114] ohci-platform: OHCI generic platform driver
[    3.332114] uhci_hcd: USB Universal Host Controller Interface driver
[    3.333471] i8042: PNP: PS/2 Controller [PNP0303:PS2K,PNP0f03:PS2M] at 0x60,0x64 irq 1,12
[    3.361709] serio: i8042 KBD port at 0x60,0x64 irq 1
[    3.400781] serio: i8042 AUX port at 0x60,0x64 irq 12
[    3.431230] mousedev: PS/2 mouse device common for all mice
[    3.432686] input: AT Translated Set 2 keyboard as /devices/platform/i8042/serio0/input/input2
[    3.441863] rtc_cmos rtc_cmos: rtc core: registered rtc_cmos as rtc0
[    3.491417] rtc_cmos rtc_cmos: alarms up to one day, 114 bytes nvram
[    3.493648] i2c /dev entries driver
[    3.494358] device-mapper: uevent: version 1.0.3
[    3.590914] device-mapper: ioctl: 4.37.0-ioctl (2017-09-20) initialised: dm-devel@redhat.com
[    3.594751] ledtrig-cpu: registered to indicate activity on CPUs
[    3.596189] NET: Registered protocol family 10
[    3.604442] Segment Routing with IPv6
[    3.640759] NET: Registered protocol family 17
[    3.648203] Key type dns_resolver registered
[    3.649214] mce: Using 0 MCE banks
[    3.649962] RAS: Correctable Errors collector initialized.
[    3.651091] sched_clock: Marking stable (3648145967, 0)->(7878096176, -4229950209)
[    3.652788] registered taskstats version 1
[    3.680628] Loading compiled-in X.509 certificates
[    3.683935] Loaded X.509 cert 'Build time autogenerated kernel key: f0020782f0d3a548186fb3f47aed88387a71e859'
[    3.686998] zswap: loaded using pool lzo/zbud
[    3.692904] Key type big_key registered
[    3.730375] Key type trusted registered
[    3.921851] Key type encrypted registered
[    3.990635] AppArmor: AppArmor sha1 policy hashing enabled
[    4.010683] ima: No TPM chip found, activating TPM-bypass! (rc=-19)
[    4.011867] ima: Allocated hash algorithm: sha1
[    4.090197] evm: HMAC attrs: 0x1
[    4.250263]   Magic number: 0:847:584
[    4.380029] rtc_cmos rtc_cmos: setting system clock to 2020-08-19 13:33:52 UTC (1597844032)
[    4.420302] BIOS EDD facility v0.16 2004-Jun-25, 0 devices found
[    4.421350] EDD information not available.
[    4.453148] Freeing unused kernel image memory: 2428K
[    4.484123] Write protecting the kernel read-only data: 20480k
[    4.580447] Freeing unused kernel image memory: 2008K
[    4.700061] Freeing unused kernel image memory: 1880K
[    4.887081] x86/mm: Checked W+X mappings: passed, no W+X pages found.
[    5.189452] x86/mm: Checking user space page tables
[    5.227633] x86/mm: Checked W+X mappings: passed, no W+X pages found.
Loading, please wait...
starting version 237
[    5.358792] e1000: Intel(R) PRO/1000 Network Driver - version 7.3.21-k8-NAPI
[    5.489922] e1000: Copyright (c) 1999-2006 Intel Corporation.
[    5.496315] Fusion MPT base driver 3.04.20
[    5.519750] Copyright (c) 1999-2008 LSI Corporation
[    5.572906] AVX version of gcm_enc/dec engaged.
[    5.630615] AES CTR mode by8 optimization enabled
[    5.740079] input: ImExPS/2 Generic Explorer Mouse as /devices/platform/i8042/serio1/input/input4
[    5.767073] Fusion MPT SPI Host driver 3.04.20
[    5.791311] mptbase: ioc0: Initiating bringup
[    5.965003] ioc0: LSI53C1030 A0: Capabilities={Initiator}
[    6.259442] scsi host2: ioc0: LSI53C1030 A0, FwRev=00000000h, Ports=1, MaxQ=256, IRQ=20
[    6.497048] scsi 2:0:0:0: Direct-Access     VBOX     HARDDISK         1.0  PQ: 0 ANSI: 5
[    6.711072] scsi target2:0:0: Beginning Domain Validation
[    6.759186] random: fast init done
[    6.761703] scsi target2:0:0: Domain Validation skipping write tests
[    6.766395] scsi target2:0:0: Ending Domain Validation
[    6.767430] scsi target2:0:0: asynchronous
[    6.768641] scsi 2:0:1:0: Direct-Access     VBOX     HARDDISK         1.0  PQ: 0 ANSI: 5
[    6.792913] scsi target2:0:1: Beginning Domain Validation
[    7.019541] scsi target2:0:1: Domain Validation skipping write tests
[    7.198126] scsi target2:0:1: Ending Domain Validation
[    7.493090] scsi target2:0:1: asynchronous
[    7.581666] random: systemd-udevd: uninitialized urandom read (16 bytes read)
[    7.778735] sd 2:0:0:0: Attached scsi generic sg0 type 0
[    7.867888] sd 2:0:0:0: [sda] 20971520 512-byte logical blocks: (10.7 GB/10.0 GiB)
[    7.908462] sd 2:0:0:0: [sda] Write Protect is off
[    7.917260] sd 2:0:1:0: Attached scsi generic sg1 type 0
[    7.923338] sd 2:0:0:0: [sda] Incomplete mode parameter data
[    7.997789] sd 2:0:0:0: [sda] Assuming drive cache: write through
[    8.018700] sd 2:0:1:0: [sdb] 20480 512-byte logical blocks: (10.5 MB/10.0 MiB)
[    8.030190] sd 2:0:1:0: [sdb] Write Protect is off
[    8.044022] sd 2:0:1:0: [sdb] Incomplete mode parameter data
[    8.068137] sd 2:0:1:0: [sdb] Assuming drive cache: write through
[    8.071462] e1000 0000:00:03.0 eth0: (PCI:33MHz:32-bit) 02:33:ec:f4:7d:44
[    8.073682] e1000 0000:00:03.0 eth0: Intel(R) PRO/1000 Network Connection
[    8.075025] random: systemd-udevd: uninitialized urandom read (16 bytes read)
[    8.099668] random: systemd-udevd: uninitialized urandom read (16 bytes read)
[    8.117124]  sda: sda1
[    8.256329] sd 2:0:0:0: [sda] Attached SCSI disk
[    8.397456] sd 2:0:1:0: [sdb] Attached SCSI disk
[    8.781013] e1000 0000:00:08.0 eth1: (PCI:33MHz:32-bit) 08:00:27:17:f3:fd
[    8.798006] e1000 0000:00:08.0 eth1: Intel(R) PRO/1000 Network Connection
[    8.800516] e1000 0000:00:08.0 enp0s8: renamed from eth1
[    8.818378] e1000 0000:00:03.0 enp0s3: renamed from eth0
Begin: Loading essential drivers ... [   10.361014] raid6: sse2x1   gen()  8436 MB/s
[   10.580432] raid6: sse2x1   xor()  5876 MB/s
[   10.722869] raid6: sse2x2   gen() 10206 MB/s
[   10.875412] raid6: sse2x2   xor()  6706 MB/s
[   10.925366] raid6: sse2x4   gen() 10581 MB/s
[   11.103241] raid6: sse2x4   xor()  5818 MB/s
[   11.119280] raid6: using algorithm sse2x4 gen() 10581 MB/s
[   11.156870] raid6: .... xor() 5818 MB/s, rmw enabled
[   11.157800] raid6: using ssse3x2 recovery algorithm
[   11.161228] xor: automatically using best checksumming function   avx       
[   11.175390] async_tx: api initialized (async)
done.
Begin: Running /scripts/init-premount ... done.
Begin: Mounting root file system ... Begin: Running /scripts/local-top ... done.
Begin: Running /scripts/local-premount ... [   11.242081] Btrfs loaded, crc32c=crc32c-intel
Scanning for Btrfs filesystems
done.
Warning: fsck not present, so skipping root file system
[   11.320161] EXT4-fs (sda1): mounted filesystem with ordered data mode. Opts: (null)
done.
Begin: Running /scripts/local-bottom ... done.
Begin: Running /scripts/init-bottom ... done.
[   12.691914] ip_tables: (C) 2000-2006 Netfilter Core Team
[   12.830032] systemd[1]: systemd 237 running in system mode. (+PAM +AUDIT +SELINUX +IMA +APPARMOR +SMACK +SYSVINIT +UTMP +LIBCRYPTSETUP +GCRYPT +GNUTLS +ACL +XZ +LZ4 +SECCOMP +BLKID +ELFUTILS +KMOD -IDN2 +IDN -PCRE2 default-hierarchy=hybrid)
[   12.956688] systemd[1]: Detected virtualization oracle.
[   12.964580] systemd[1]: Detected architecture x86-64.

Welcome to [1mUbuntu 18.04.4 LTS[0m!

[   13.028438] systemd[1]: Set hostname to <ubuntu>.
[   13.239439] systemd[1]: Initializing machine ID from random generator.
[   13.255127] systemd[1]: Installed transient /etc/machine-id file.
[   13.515006] random: crng init done
[   13.519251] random: 7 urandom warning(s) missed due to ratelimiting
[   14.799869] systemd[1]: Set up automount Arbitrary Executable File Formats File System Automount Point.
[[0;32m  OK  [0m] Set up automount Arbitrary Executab…rmats File System Automount Point.
[   14.936642] systemd[1]: Started Forward Password Requests to Wall Directory Watch.
[[0;32m  OK  [0m] Started Forward Password Requests to Wall Directory Watch.
[   14.975542] systemd[1]: Created slice System Slice.
[[0;32m  OK  [0m] Created slice System Slice.
[   14.994539] systemd[1]: Listening on LVM2 metadata daemon socket.
[[0;32m  OK  [0m] Listening on LVM2 metadata daemon socket.
[[0;32m  OK  [0m] Listening on udev Control Socket.
[[0;32m  OK  [0m] Listening on Syslog Socket.
[[0;32m  OK  [0m] Listening on udev Kernel Socket.
[[0;32m  OK  [0m] Listening on Network Service Netlink Socket.
[[0;32m  OK  [0m] Listening on Journal Socket (/dev/log).
[[0;32m  OK  [0m] Created slice system-serial\x2dgetty.slice.
[[0;32m  OK  [0m] Listening on LVM2 poll daemon socket.
[[0;32m  OK  [0m] Reached target Swap.
[[0;32m  OK  [0m] Created slice User and Session Slice.
[[0;32m  OK  [0m] Reached target Slices.
[[0;32m  OK  [0m] Reached target User and Group Name Lookups.
[[0;32m  OK  [0m] Listening on /dev/initctl Compatibility Named Pipe.
[[0;32m  OK  [0m] Listening on Journal Socket.
         Mounting POSIX Message Queue File System...
         Starting Create list of required st…ce nodes for the current kernel...
         Starting Load Kernel Modules...
         Starting Set the console keyboard layout...
         Starting Uncomplicated firewall...
[[0;32m  OK  [0m] Reached target System Time Synchronized.
[[0;32m  OK  [0m] Listening on Jou[   15.226638] Loading iSCSI transport class v2.0-870.
rnal Audit Socket.
         Mounting Kernel Debug File System...
[[0;32m  OK  [0m] Listening on Device-mapper event daemon FIFOs.
         Starting Monitoring of LVM2 mirrors…ng dmeventd or progress polling...
         Mounting Huge Pages File System...
         Starting Remount Root and Kernel File Systems...
         Starting Journal[   15.622569] iscsi: registered transport (tcp)
 Service...
         Starting udev Coldplug all Devices...
[   15.639326] EXT4-fs (sda1): re-mounted. Opts: (null)
[[0;32m  OK  [0m] Mounted POSIX Message Queue File System.
[[0;32m  OK  [0m] Started Create list of required sta…vice nodes for the current kernel.
[[0;32m  OK  [0m] Started Uncomplicated firewall.
[[0;32m  OK  [0m] Mounted Kernel Debug File System.
[[0;32m  OK  [0m] Mounted Huge Pages File System.
[[0;32m  OK  [0m] Started Remount Root and Kernel File Systems.
         Starting Load/Save Random Seed...
         Starting Create Static Device Nodes in /dev...
[[0;32m  OK  [0m] Started Journal Service.
[[0;32m  OK  [0[   16.455653] iscsi: registered transport (iser)
m] Started Load/Save Random Seed.
[[0;32m  OK  [0m] Started LVM2 metadata daemon.
         Starting Flush Journal to Persistent Storage...
[[0;32m  OK  [0m] Started Load Kernel Modules.
[[0;32m  OK  [0m] Started udev Coldplug all Devices.
[[0;32m  OK  [0m] Started Create Static Device Nodes in /dev.
         Starting udev Kernel Device Manager...
         Starting Apply Kernel Variables...
         Mounting Kernel Configuration File System...
         Mounting FUSE Control File System...
[[0;32m  OK  [0m] Mounted Kernel Configuration File System.
[[0;32m  OK  [0m] Mounted FUSE Control File System.
[   16.833229] systemd-journald[391]: Received request to flush runtime journal from PID 1
[[0;32m  OK  [0m] Started Monitoring of LVM2 mirrors,…sing dmeventd or progress polling.
[[0;32m  OK  [0m] Started Apply Kernel Variables.
[[0;32m  OK  [0m] Started udev Kernel Device Manager.
[[0;32m  OK  [0m] Started Flush Journal to Persistent Storage.
[[0;32m  OK  [0m] Found device /dev/ttyS0.
[[0;32m  OK  [0m] Listening on Load/Save RF Kill Switch Status /dev/rfkill Watch.
[[0;32m  OK  [0m] Started Set the console keyboard layout.
[[0;32m  OK  [0m] Reached target Local File Systems (Pre).
[[0;32m  OK  [0m] Reached target Local File Systems.
         Starting Create Volatile Files and Directories...
         Starting Commit a transient machine-id on disk...
         Starting AppArmor initialization...
         Starting ebtables ruleset management...
         Starting Tell Plymouth To Write Out Runtime Data...
         Starting Set console font and keymap...
[[0;32m  OK  [0m] Started Dispatch Password Requests to Console Directory Watch.
[[0;32m  OK  [0m] Reached target Local Encrypted Volumes.
[[0;32m  OK  [0m] Started Tell Plymouth To Write Out Runtime Data.
[[0;32m  OK  [0m] Started Commit a transient machine-id on disk.
[[0;32m  OK  [0m] Started Create Volatile Files and Directories.
         Starting Update UTMP about System Boot/Shutdown...
[[0;32m  OK  [0m] Started Update UTMP about System Boot/Shutdown.
[[0;32m  OK  [0m] Started ebtables ruleset management.
[[0;32m  OK  [0m] Started Set console font and keymap.
[[0;32m  OK  [0m] Started AppArmor initialization.
         Starting Initial cloud-init job (pre-networking)...
[   25.927177] cloud-init[758]: Cloud-init v. 19.4-33-gbb4131a2-0ubuntu1~18.04.1 running 'init-local' at Wed, 19 Aug 2020 13:34:13 +0000. Up 25.27 seconds.
[[0;32m  OK  [0m] Started Initial cloud-init job (pre-networking).
[[0;32m  OK  [0m] Reached target Network (Pre).
         Starting Network Service...
[[0;32m  OK  [0m] Started Network Service.
         Starting Wait for Network to be Configured...
         Starting Network Name Resolution...
[[0;32m  OK  [0m] Started Network Name Resolution.
[[0;32m  OK  [0m] Reached target Host and Network Name Lookups.
[[0;32m  OK  [0m] Reached target Network.
[[0;32m  OK  [0m] Started Wait for Network to be Configured.
         Starting Initial cloud-init job (metadata service crawler)...
[   28.827282] cloud-init[891]: Cloud-init v. 19.4-33-gbb4131a2-0ubuntu1~18.04.1 running 'init' at Wed, 19 Aug 2020 13:34:16 +0000. Up 28.58 seconds.
[   28.867586] cloud-init[891]: ci-info: ++++++++++++++++++++++++++++++++++++++Net device info+++++++++++++++++++++++++++++++++++++++
[   28.931480] cloud-init[891]: ci-info: +--------+-------+----------------------------+---------------+--------+-------------------+
[   28.941528] cloud-init[891]: ci-info: | Device |   Up  |          Address           |      Mask     | Scope  |     Hw-Address    |
[   28.951454] cloud-init[891]: ci-info: +--------+-------+----------------------------+---------------+--------+-------------------+
[   28.958261] cloud-init[891]: ci-info: | enp0s3 |  True |         10.0.2.15          | 255.255.255.0 | global | 02:33:ec:f4:7d:44 |
[   28.966236] cloud-init[891]: ci-info: | enp0s3 |  True | fe80::33:ecff:fef4:7d44/64 |       .       |  link  | 02:33:ec:f4:7d:44 |
[   28.981446] cloud-init[891]: ci-info: | enp0s8 | False |             .              |       .       |   .    | 08:00:27:17:f3:fd |
[   28.985198] cloud-init[891]: ci-info: |   lo   |  True |         127.0.0.1          |   255.0.0.0   |  host  |         .         |
[   28.990272] cloud-init[891]: ci-info: |   lo   |  True |          ::1/128           |       .       |  host  |         .         |
[   29.016417] cloud-init[891]: ci-info: +--------+-------+----------------------------+---------------+--------+-------------------+
[   29.033659] cloud-init[891]: ci-info: ++++++++++++++++++++++++++++Route IPv4 info+++++++++++++++++++++++++++++
[   29.047243] cloud-init[891]: ci-info: +-------+-------------+----------+-----------------+-----------+-------+
[   29.052350] cloud-init[891]: ci-info: | Route | Destination | Gateway  |     Genmask     | Interface | Flags |
[   29.057283] cloud-init[891]: ci-info: +-------+-------------+----------+-----------------+-----------+-------+
[   29.083950] cloud-init[891]: ci-info: |   0   |   0.0.0.0   | 10.0.2.2 |     0.0.0.0     |   enp0s3  |   UG  |
[   29.086925] cloud-init[891]: ci-info: |   1   |   10.0.2.0  | 0.0.0.0  |  255.255.255.0  |   enp0s3  |   U   |
[   29.091444] cloud-init[891]: ci-info: |   2   |   10.0.2.2  | 0.0.0.0  | 255.255.255.255 |   enp0s3  |   UH  |
[   29.094322] cloud-init[891]: ci-info: +-------+-------------+----------+-----------------+-----------+-------+
[   29.097620] cloud-init[891]: ci-info: +++++++++++++++++++Route IPv6 info+++++++++++++++++++
[   29.101529] cloud-init[891]: ci-info: +-------+-------------+---------+-----------+-------+
[   29.104663] cloud-init[891]: ci-info: | Route | Destination | Gateway | Interface | Flags |
[   29.118736] cloud-init[891]: ci-info: +-------+-------------+---------+-----------+-------+
[   29.124187] cloud-init[891]: ci-info: |   1   |  fe80::/64  |    ::   |   enp0s3  |   U   |
[   29.126845] cloud-init[891]: ci-info: |   3   |    local    |    ::   |   enp0s3  |   U   |
[   29.129760] cloud-init[891]: ci-info: |   4   |   ff00::/8  |    ::   |   enp0s3  |   U   |
[   29.138199] cloud-init[891]: ci-info: +-------+-------------+---------+-----------+-------+
[   31.001275] cloud-init[891]: Generating public/private rsa key pair.
[[0;32m  OK  [0m] Started Initial cloud-init job (metadata service crawler).
[[0;32m  OK  [0m] Reached target Network is Online.
[   31.095440] cloud-init[891]: Your identification has been saved in /etc/ssh/ssh_host_rsa_key.
         Starting Availability of block devices...
[[0;32m  OK  [0m] Reached target Remote File Systems (Pre).
[[0;32m  OK  [0m] Reached target Remote File Systems.
[[0;32m  OK  [0m] Reached target Cloud-config availability.
[[0;32m  OK  [0m] Reached target System Initialization.
[[0;32m  OK  [0m] Listening on Open-iSCSI iscsid Socket.
[   31.172743] cloud-init[891]: Your public key has been saved in /etc/ssh/ssh_host_rsa_key.pub.
[   31.306102] cloud-init[891]: The key fingerprint is:
[   31.330361] cloud-init[891]: SHA256:C7uA6vY7VVTDhHEFWqGEFE+84cl/Ku89O9Tn7UvlBwg root@ubuntu-bionic
[[0;32m  OK  [0m] Listening on D-Bus System Message Bus Socket.
[   31.336689] cloud-init[891]: The key's randomart image is:
[   31.384271] cloud-init[891]: +---[RSA 2048]----+
[   31.387280] cloud-init[891]: |    .o++*O+.     |
[[0;32m  OK  [0m] Started ACPI Events Check.
[[0;32m  OK  [0m] Reached target Paths.
[   31.391020] cloud-init[891]: |     .+==..      |
[   31.431037] cloud-init[891]: |      +++ E      |
[[0;32m  OK  [0m] Started Discard unused blocks once a week.
[   31.442929] cloud-init[891]: |       *   . .   |
[   31.476369] cloud-init[891]: |      o S   o . .|
[[0;32m  OK  [0m] Started Daily apt download activities.
[[0;32m  OK  [0m] Started Daily Cleanup of Temporary Directories.
[   31.498975] [[0;32m  OK  [0m] Started Message of the Day.
         Starting Socket activation for snappy daemon.
[[0;32m  OK  [0m] Listening on ACPID Listen Socket.
[[0;32m  OK  [0m] Listening on UUID daemon activation socket.
[[0;32m  OK  [0m] Started Daily apt upgrade and clean activities.
cloud-init[891]: |   . . o o o . +.|
         Starting LXD - unix socket.
[[0;32m  OK  [0m] Reached target Timers.
[   31.585911] cloud-init[891]: |  . o . . +   o.+|
[   31.616676] cloud-init[891]: | o . . o ..o  ..o|
[[0;32m  OK  [0m] Started Availability of block devices.
[[0;32m  OK  [0m] Listening on Socket activation for snappy daemon.
[   31.619040] cloud-init[891]: |+..oo . +o o+  oo|
[   31.624313] cloud-init[891]: +----[SHA256]-----+
[[0;32m  OK  [0m] Listening on LXD - unix socket.
[[0;32m  OK  [0m] Reached target Sockets.
[   31.659830] cloud-init[891]: Generating public/private dsa key pair.
[   31.717845] cloud-init[891]: Your identification has been saved in /etc/ssh/ssh_host_dsa_key.
[[0;32m  OK  [0m] Reached target Basic System.
[[0;32m  OK  [0m] Started D-Bus System Message Bus.
[   31.727760] cloud-init[891]: Your public key has been saved in /etc/ssh/ssh_host_dsa_key.pub.
[   31.757828] cloud-init[891]: The key fingerprint is:
[   31.772215] cloud-init[891]: SHA256:VNG7Rx2S8PjCyxv1MuIOCEL5uBmrmyNS83ggmJWE2d4 root@ubuntu-bionic
[   31.808409] cloud-init[891]: The key's randomart image is:
[   31.812937] cloud-init[891]: +---[DSA 1024]----+
[   31.816789] cloud-init[891]: | +        o+. .  |
[   31.844389] cloud-init[891]: |o o .    .  +o . |
[   31.853039] cloud-init[891]: | o =    .  . o...|
[   31.854977] cloud-init[891]: |  = E  .  . o . .|
[   31.856784] cloud-init[891]: |.o + o  S  o =   |
[   31.857782] cloud-init[891]: |+ + * . . . = o  |
[[   31.905356] cloud-init[891]: | o O   . . = + . |
[   31.905765] cloud-init[891]: |o.+ o     o + o  |
[   31.905874] cloud-init[891]: |o+o.      .+     |
[   31.905959] cloud-init[891]: +----[SHA256]-----+
[   31.906049] cloud-init[891]: Generating public/private ecdsa key pair.
[   31.906137] cloud-init[891]: Your identification has been saved in /etc/ssh/ssh_host_ecdsa_key.
[   31.906248] cloud-init[891]: Your public key has been saved in /etc/ssh/ssh_host_ecdsa_key.pub.
[   31.906335] cloud-init[891]: The key fingerprint is:
[   31.906426] cloud-init[891]: SHA256:XZIbSzPB0e/1iKhx549E/jmqRtPOZmEKS5LhBPBCG9M root@ubuntu-bionic
[   31.906529] cloud-init[891]: The key's randomart image is:
[   31.906614] cloud-init[891]: +---[ECDSA 256]---+
[   31.906756] cloud-init[891]: |  =o     .oo     |
[   31.906865] cloud-init[891]: | . =E     .o.    |
[   31.906947] cloud-init[891]: |  o ..    B ..   |
[   31.907031] cloud-init[891]: |   .  o  o O  . .|
[   31.907120] cloud-init[891]: |     o oS +o.o o.|
[   31.907219] cloud-init[891]: |      + + =o* o .|
[   31.907320] cloud-init[891]: |       o B Oo.   |
[   31.907409] cloud-init[891]: |        o o.*o.. |
[   31.907503] cloud-init[891]: |         ..+oo+. |
[   31.907581] cloud-init[891]: +----[SHA256]-----+
[   31.907660] cloud-init[891]: Generating public/private ed25519 key pair.
[   31.907754] cloud-init[891]: Your identification has been saved in /etc/ssh/ssh_host_ed25519_key.
[   31.907844] cloud-init[891]: Your public key has been saved in /etc/ssh/ssh_host_ed25519_key.pub.
[   31.907928] cloud-init[891]: The key fingerprint is:
[   31.908016] cloud-init[891]: SHA256:OVKvFZ4dfRw/hJy5OH5jBM3oyGGp7W34F+90H4uB6sE root@ubuntu-bionic
[   31.908102] cloud-init[891]: The key's randomart image is:
[   31.908179] cloud-init[891]: +--[ED25519 256]--+
[   31.908264] cloud-init[891]: |          . = +o |
[   31.908354] cloud-init[891]: |         + o O..o|
[   31.908444] cloud-init[891]: |        * = + o.+|
[   31.908535] cloud-init[891]: |       o B B + ..|
[   31.908624] cloud-init[891]: |      . S O +    |
[   31.908716] cloud-init[891]: |       ..* +.=   |
[   31.908817] cloud-init[891]: |        .Eo.o.+o.|
[   31.908908] cloud-init[891]: |          o. .+.=|
[0;32m  OK  [0m] Started irqbalance daemon.
         Starting LXD - container startup/shutdown...
         Starting LSB: automatic crash report generation...
[   31.912958] cloud-init[891]: |        .o  ...o.|
[   32.264466] cloud-init[891]: +----[SHA256]-----+
         Starting Snappy daemon...
         Starting System Logging Service...
         Starting Pollinate to seed the pseudo random number generator...
         Starting Login Service...
[[0;32m  OK  [0m] Started Deferred execution scheduler.
         Starting LSB: Record successful boot for GRUB...
[[0;32m  OK  [0m] Started FUSE filesystem for LXC.
         Starting Dispatcher daemon for systemd-networkd...
[[0;32m  OK  [0m] Started Regular background program processing daemon.
         Starting Virtualbox guest utils...
         Starting Accounts Service...
         Starting Permit User Sessions...
[[0;32m  OK  [0m] Started System Logging Service.
[[0;32m  OK  [0m] Started Login Service.
[[0;32m  OK  [0m] Started Unattended Upgrades Shutdown.
[[0;32m  OK  [0m] Started Permit User Sessions.
         Starting Terminate Plymouth Boot Screen...
         Starting Hold until boot process finishes up...
[[0;32m  OK  [0m] Started LSB: automatic crash report generation.
[[0;32m  OK  [0m] Started Terminate Plymouth Boot Screen.
[[0;32m  OK  [0m] Started Hold until boot process finishes up.
[[0;32m  OK  [0m] Started Serial Getty on ttyS0.
         Starting Set console scheme...
[[0;32m  OK  [0m] Started Set console scheme.
[[0;32m  OK  [0m] Created slice system-getty.slice.
[[0;32m  OK  [0m] Started Getty on tty1.
[[0;32m  OK  [0m] Reached target Login Prompts.
[[0;32m  OK  [0m] Started LSB: Record successful boot for GRUB.
         Starting Authorization Manager...
[[0;32m  OK  [0m] Started Virtualbox guest utils.
[[0;32m  OK  [0m] Started Authorization Manager.
[[0;32m  OK  [0m] Started Accounts Service.
[[0;32m  OK  [0m] Started Dispatcher daemon for systemd-networkd.
[[0;32m  OK  [0m] Started LXD - container startup/shutdown.
[[0;32m  OK  [0m] Started Snappy daemon.
         Starting Wait until snapd is fully seeded...
[[0;32m  OK  [0m] Started Wait until snapd is fully seeded.
         Starting Apply the settings specified in cloud-config...

Ubuntu 18.04.4 LTS ubuntu-bionic ttyS0

ubuntu-bionic login: [   41.359969] cloud-init[1574]: Cloud-init v. 19.4-33-gbb4131a2-0ubuntu1~18.04.1 running 'modules:config' at Wed, 19 Aug 2020 13:34:28 +0000. Up 40.09 seconds.
ci-info: no authorized SSH keys fingerprints found for user ubuntu.
<14>Aug 19 13:34:31 ec2: 
<14>Aug 19 13:34:31 ec2: #############################################################
<14>Aug 19 13:34:31 ec2: -----BEGIN SSH HOST KEY FINGERPRINTS-----
<14>Aug 19 13:34:31 ec2: 1024 SHA256:VNG7Rx2S8PjCyxv1MuIOCEL5uBmrmyNS83ggmJWE2d4 root@ubuntu-bionic (DSA)
<14>Aug 19 13:34:31 ec2: 256 SHA256:XZIbSzPB0e/1iKhx549E/jmqRtPOZmEKS5LhBPBCG9M root@ubuntu-bionic (ECDSA)
<14>Aug 19 13:34:31 ec2: 256 SHA256:OVKvFZ4dfRw/hJy5OH5jBM3oyGGp7W34F+90H4uB6sE root@ubuntu-bionic (ED25519)
<14>Aug 19 13:34:31 ec2: 2048 SHA256:C7uA6vY7VVTDhHEFWqGEFE+84cl/Ku89O9Tn7UvlBwg root@ubuntu-bionic (RSA)
<14>Aug 19 13:34:31 ec2: -----END SSH HOST KEY FINGERPRINTS-----
<14>Aug 19 13:34:31 ec2: #############################################################
-----BEGIN SSH HOST KEY KEYS-----
ecdsa-sha2-nistp256 AAAAE2VjZHNhLXNoYTItbmlzdHAyNTYAAAAIbmlzdHAyNTYAAABBBMeObAjLaZM37wjLKrdwh2SddF/vGosOu/u4pQZhSMmtsHFjVSdUiENOXxR5gXA5i4xA8m57CdPQ84TojXyiW7Y= root@ubuntu-bionic
ssh-ed25519 AAAAC3NzaC1lZDI1NTE5AAAAIMtpfIChMpMF02Nad7b7wqDX79vrAgEZ/QNUBVYbGSnJ root@ubuntu-bionic
ssh-rsa AAAAB3NzaC1yc2EAAAADAQABAAABAQDDgUgbST8qDsWVxd01FyTcakXy5dgAO6qWQBp5yd1O9R2djKp7aAAKYHUmIBR3K5et2dz4JwuXD96y9aQ/fkpXoi7GtlwkVZs8DwKD1p6DKQ/WUZxTfXVXBL/bzu1TbDjhQ9zIOjwxAWQaA1MgdjRj8JNvm42+3Mu51e7mbzmDHZFzWpq4v13ntESoz1jT9afa4nvC7dEfLpYvdZExKFqxZ2VUplHglo82ggpXv+TtGLv42mnUsfz+ul+0Zxex3YlEFSwNZsdNeu6XhW4yHkmfvfRsqiw7wUV/iDG/5ojA2I+faS5tzL96yh5600BNzBiijA+Y59+kyhX4Z+SyeRAD root@ubuntu-bionic
-----END SSH HOST KEY KEYS-----
[   43.725227] cloud-init[1662]: Cloud-init v. 19.4-33-gbb4131a2-0ubuntu1~18.04.1 running 'modules:final' at Wed, 19 Aug 2020 13:34:31 +0000. Up 43.36 seconds.
[   43.725334] cloud-init[1662]: ci-info: no authorized SSH keys fingerprints found for user ubuntu.
[   43.725383] cloud-init[1662]: Cloud-init v. 19.4-33-gbb4131a2-0ubuntu1~18.04.1 finished at Wed, 19 Aug 2020 13:34:31 +0000. Datasource DataSourceNoCloud [seed=/dev/sdb][dsmode=net].  Up 43.69 seconds
